{
  "stats": {
    "suites": 1,
    "tests": 1,
    "passes": 0,
    "pending": 0,
    "failures": 1,
    "start": "2021-08-12T16:22:59.867Z",
    "end": "2021-08-12T16:23:20.985Z",
    "duration": 21118,
    "testsRegistered": 1,
    "passPercent": 0,
    "pendingPercent": 0,
    "other": 0,
    "hasOther": false,
    "skipped": 0,
    "hasSkipped": false
  },
  "results": [
    {
      "uuid": "0c9d7217-f910-4e43-8254-ad70644f7964",
      "title": "",
      "fullFile": "cypress/integration/Viagem.feature",
      "file": "cypress/integration/Viagem.feature",
      "beforeHooks": [],
      "afterHooks": [],
      "tests": [],
      "suites": [
        {
          "uuid": "d9d54239-ea22-4c13-90fe-48a324a51f25",
          "title": "Viagem",
          "fullFile": "",
          "file": "",
          "beforeHooks": [],
          "afterHooks": [],
          "tests": [
            {
              "title": "Preencher ida e volta do destino",
              "fullTitle": "Viagem Preencher ida e volta do destino",
              "timedOut": null,
              "duration": 20649,
              "state": "failed",
              "speed": null,
              "pass": false,
              "fail": true,
              "pending": false,
              "context": null,
              "code": "const state = window.testState;\nreturn cy\n  .then(() => state.onStartScenario(scenario, indexedSteps))\n  .then(() =>\n    resolveAndRunBeforeHooks.call(this, scenario.tags, state.feature.name)\n  )\n  .then(() =>\n    indexedSteps.forEach((step) =>\n      stepTest.call(this, state, step, rowData)\n    )\n  )\n  .then(() => state.onFinishScenario(scenario));",
              "err": {
                "message": "TypeError: address.PrencherAddressText is not a function",
                "estack": "TypeError: address.PrencherAddressText is not a function\n    at Context.eval (https://www.smiles.com.br/__cypress/tests?p=cypress/integration/Viagem.feature:127:11)\n    at Context.resolveAndRunStepDefinition (https://www.smiles.com.br/__cypress/tests?p=cypress/integration/Viagem.feature:12442:29)\n    at Context.eval (https://www.smiles.com.br/__cypress/tests?p=cypress/integration/Viagem.feature:11763:35)",
                "diff": null
              },
              "uuid": "77c083df-b7f1-4906-9b13-51563f3d5caa",
              "parentUUID": "d9d54239-ea22-4c13-90fe-48a324a51f25",
              "isHook": false,
              "skipped": false
            }
          ],
          "suites": [],
          "passes": [],
          "failures": [
            "77c083df-b7f1-4906-9b13-51563f3d5caa"
          ],
          "pending": [],
          "skipped": [],
          "duration": 20649,
          "root": false,
          "rootEmpty": false,
          "_timeout": 2000
        }
      ],
      "passes": [],
      "failures": [],
      "pending": [],
      "skipped": [],
      "duration": 0,
      "root": true,
      "rootEmpty": true,
      "_timeout": 2000
    }
  ],
  "meta": {
    "mocha": {
      "version": "7.0.1"
    },
    "mochawesome": {
      "options": {
        "quiet": false,
        "reportFilename": "mochawesome",
        "saveHtml": true,
        "saveJson": true,
        "consoleReporter": "spec",
        "useInlineDiffs": false,
        "code": true
      },
      "version": "6.2.2"
    },
    "marge": {
      "options": {
        "overwrite": false
      },
      "version": "5.2.0"
    }
  }
}