{
  "stats": {
    "suites": 1,
    "tests": 2,
    "passes": 2,
    "pending": 0,
    "failures": 0,
    "start": "2021-08-03T12:14:17.448Z",
    "end": "2021-08-03T12:14:24.468Z",
    "duration": 7020,
    "testsRegistered": 2,
    "passPercent": 100,
    "pendingPercent": 0,
    "other": 0,
    "hasOther": false,
    "skipped": 0,
    "hasSkipped": false
  },
  "results": [
    {
      "uuid": "5104cf2c-7f14-4b8e-807b-beb676b1baab",
      "title": "",
      "fullFile": "cypress/integration/teste.feature",
      "file": "cypress/integration/teste.feature",
      "beforeHooks": [],
      "afterHooks": [],
      "tests": [],
      "suites": [
        {
          "uuid": "33792ad7-bb9b-4426-be3f-ade719c051c5",
          "title": "Teste Principal",
          "fullFile": "",
          "file": "",
          "beforeHooks": [],
          "afterHooks": [],
          "tests": [
            {
              "title": "Preencher campos de nome e sobrenome",
              "fullTitle": "Teste Principal Preencher campos de nome e sobrenome",
              "timedOut": null,
              "duration": 4423,
              "state": "passed",
              "speed": "slow",
              "pass": true,
              "fail": false,
              "pending": false,
              "context": null,
              "code": "const state = window.testState;\nreturn cy\n  .then(() => state.onStartScenario(scenario, indexedSteps))\n  .then(() =>\n    resolveAndRunBeforeHooks.call(this, scenario.tags, state.feature.name)\n  )\n  .then(() =>\n    indexedSteps.forEach((step) =>\n      stepTest.call(this, state, step, rowData)\n    )\n  )\n  .then(() => state.onFinishScenario(scenario));",
              "err": {},
              "uuid": "14e36e2e-d833-49a8-8b94-aad89b0aac83",
              "parentUUID": "33792ad7-bb9b-4426-be3f-ade719c051c5",
              "isHook": false,
              "skipped": false
            },
            {
              "title": "Preencher Address",
              "fullTitle": "Teste Principal Preencher Address",
              "timedOut": null,
              "duration": 2534,
              "state": "passed",
              "speed": "slow",
              "pass": true,
              "fail": false,
              "pending": false,
              "context": null,
              "code": "const state = window.testState;\nreturn cy\n  .then(() => state.onStartScenario(scenario, indexedSteps))\n  .then(() =>\n    resolveAndRunBeforeHooks.call(this, scenario.tags, state.feature.name)\n  )\n  .then(() =>\n    indexedSteps.forEach((step) =>\n      stepTest.call(this, state, step, rowData)\n    )\n  )\n  .then(() => state.onFinishScenario(scenario));",
              "err": {},
              "uuid": "70dac16a-3c76-404b-87d9-c90b835361cd",
              "parentUUID": "33792ad7-bb9b-4426-be3f-ade719c051c5",
              "isHook": false,
              "skipped": false
            }
          ],
          "suites": [],
          "passes": [
            "14e36e2e-d833-49a8-8b94-aad89b0aac83",
            "70dac16a-3c76-404b-87d9-c90b835361cd"
          ],
          "failures": [],
          "pending": [],
          "skipped": [],
          "duration": 6957,
          "root": false,
          "rootEmpty": false,
          "_timeout": 2000
        }
      ],
      "passes": [],
      "failures": [],
      "pending": [],
      "skipped": [],
      "duration": 0,
      "root": true,
      "rootEmpty": true,
      "_timeout": 2000
    }
  ],
  "meta": {
    "mocha": {
      "version": "7.0.1"
    },
    "mochawesome": {
      "options": {
        "quiet": false,
        "reportFilename": "mochawesome",
        "saveHtml": true,
        "saveJson": true,
        "consoleReporter": "spec",
        "useInlineDiffs": false,
        "code": true
      },
      "version": "6.2.2"
    },
    "marge": {
      "options": {
        "overwrite": false
      },
      "version": "5.2.0"
    }
  }
}